<?xml version="1.0" encoding="UTF-8"?>
<!-- Generated by org.testng.reporters.JUnitReportReporter -->
<testsuite name="scripts.ComparingProductPrice" tests="1" time="46.344" ignored="0" failures="0" timestamp="10 Feb 2020 06:48:21 GMT" skipped="0" hostname="LAPTOP-M36T5H7G" errors="0">
  <testcase name="compare_price" time="46.344" classname="scripts.ComparingProductPrice"/>
</testsuite> <!-- scripts.ComparingProductPrice -->
